<?xml version="1.0" encoding="UTF-8"?>
<!-- Generated by org.testng.reporters.JUnitReportReporter -->
<testsuite hostname="Gourab-Laptop" failures="0" tests="3" name="demo.QtripTests" time="26.372" errors="0" timestamp="22 May 2025 04:40:25 GMT">
  <testcase classname="demo.QtripTests" name="qtrip_tc_001" time="7.797"/>
  <testcase classname="demo.QtripTests" name="qtrip_tc_001" time="11.689"/>
  <testcase classname="demo.QtripTests" name="qtrip_tc_001" time="6.886"/>
</testsuite> <!-- demo.QtripTests -->
