<?xml version="1.0" encoding="UTF-8"?>
<testsuite name="demo.QtripTests" tests="3" skipped="0" failures="0" errors="0" timestamp="2025-05-22T04:40:18" hostname="GOURAB-LAPTOP" time="6.713">
  <properties/>
  <testcase name="qtrip_tc_001" classname="demo.QtripTests" time="1.487"/>
  <testcase name="qtrip_tc_001" classname="demo.QtripTests" time="1.792"/>
  <testcase name="qtrip_tc_001" classname="demo.QtripTests" time="1.569"/>
  <system-out><![CDATA[]]></system-out>
  <system-err><![CDATA[]]></system-err>
</testsuite>
